Analysis & Synthesis report for Main
Tue Nov 29 19:21:48 2022
Quartus Prime Version 20.1.1 Build 720 11/11/2020 SJ Lite Edition


---------------------
; Table of Contents ;
---------------------
  1. Legal Notice
  2. Analysis & Synthesis Summary
  3. Analysis & Synthesis Settings
  4. Parallel Compilation
  5. Analysis & Synthesis Messages



----------------
; Legal Notice ;
----------------
Copyright (C) 2020  Intel Corporation. All rights reserved.
Your use of Intel Corporation's design tools, logic functions 
and other software and tools, and any partner logic 
functions, and any output files from any of the foregoing 
(including device programming or simulation files), and any 
associated documentation or information are expressly subject 
to the terms and conditions of the Intel Program License 
Subscription Agreement, the Intel Quartus Prime License Agreement,
the Intel FPGA IP License Agreement, or other applicable license
agreement, including, without limitation, that your use is for
the sole purpose of programming logic devices manufactured by
Intel and sold by Intel or its authorized distributors.  Please
refer to the applicable agreement for further details, at
https://fpgasoftware.intel.com/eula.



+----------------------------------------------------------------------------------+
; Analysis & Synthesis Summary                                                     ;
+------------------------------------+---------------------------------------------+
; Analysis & Synthesis Status        ; Failed - Tue Nov 29 19:21:48 2022           ;
; Quartus Prime Version              ; 20.1.1 Build 720 11/11/2020 SJ Lite Edition ;
; Revision Name                      ; Main                                        ;
; Top-level Entity Name              ; fsm                                         ;
; Family                             ; MAX 10                                      ;
; Total logic elements               ; N/A until Partition Merge                   ;
;     Total combinational functions  ; N/A until Partition Merge                   ;
;     Dedicated logic registers      ; N/A until Partition Merge                   ;
; Total registers                    ; N/A until Partition Merge                   ;
; Total pins                         ; N/A until Partition Merge                   ;
; Total virtual pins                 ; N/A until Partition Merge                   ;
; Total memory bits                  ; N/A until Partition Merge                   ;
; Embedded Multiplier 9-bit elements ; N/A until Partition Merge                   ;
; Total PLLs                         ; N/A until Partition Merge                   ;
; UFM blocks                         ; N/A until Partition Merge                   ;
; ADC blocks                         ; N/A until Partition Merge                   ;
+------------------------------------+---------------------------------------------+


+------------------------------------------------------------------------------------------------------------+
; Analysis & Synthesis Settings                                                                              ;
+------------------------------------------------------------------+--------------------+--------------------+
; Option                                                           ; Setting            ; Default Value      ;
+------------------------------------------------------------------+--------------------+--------------------+
; Device                                                           ; 10M08DAF484C8G     ;                    ;
; Top-level entity name                                            ; fsm                ; Main               ;
; Family name                                                      ; MAX 10             ; Cyclone V          ;
; Use smart compilation                                            ; Off                ; Off                ;
; Enable parallel Assembler and Timing Analyzer during compilation ; On                 ; On                 ;
; Enable compact report table                                      ; Off                ; Off                ;
; Restructure Multiplexers                                         ; Auto               ; Auto               ;
; Create Debugging Nodes for IP Cores                              ; Off                ; Off                ;
; Preserve fewer node names                                        ; On                 ; On                 ;
; Intel FPGA IP Evaluation Mode                                    ; Enable             ; Enable             ;
; Verilog Version                                                  ; Verilog_2001       ; Verilog_2001       ;
; VHDL Version                                                     ; VHDL_1993          ; VHDL_1993          ;
; State Machine Processing                                         ; Auto               ; Auto               ;
; Safe State Machine                                               ; Off                ; Off                ;
; Extract Verilog State Machines                                   ; On                 ; On                 ;
; Extract VHDL State Machines                                      ; On                 ; On                 ;
; Ignore Verilog initial constructs                                ; Off                ; Off                ;
; Iteration limit for constant Verilog loops                       ; 5000               ; 5000               ;
; Iteration limit for non-constant Verilog loops                   ; 250                ; 250                ;
; Add Pass-Through Logic to Inferred RAMs                          ; On                 ; On                 ;
; Infer RAMs from Raw Logic                                        ; On                 ; On                 ;
; Parallel Synthesis                                               ; On                 ; On                 ;
; DSP Block Balancing                                              ; Auto               ; Auto               ;
; NOT Gate Push-Back                                               ; On                 ; On                 ;
; Power-Up Don't Care                                              ; On                 ; On                 ;
; Remove Redundant Logic Cells                                     ; Off                ; Off                ;
; Remove Duplicate Registers                                       ; On                 ; On                 ;
; Ignore CARRY Buffers                                             ; Off                ; Off                ;
; Ignore CASCADE Buffers                                           ; Off                ; Off                ;
; Ignore GLOBAL Buffers                                            ; Off                ; Off                ;
; Ignore ROW GLOBAL Buffers                                        ; Off                ; Off                ;
; Ignore LCELL Buffers                                             ; Off                ; Off                ;
; Ignore SOFT Buffers                                              ; On                 ; On                 ;
; Limit AHDL Integers to 32 Bits                                   ; Off                ; Off                ;
; Optimization Technique                                           ; Balanced           ; Balanced           ;
; Carry Chain Length                                               ; 70                 ; 70                 ;
; Auto Carry Chains                                                ; On                 ; On                 ;
; Auto Open-Drain Pins                                             ; On                 ; On                 ;
; Perform WYSIWYG Primitive Resynthesis                            ; Off                ; Off                ;
; Auto ROM Replacement                                             ; On                 ; On                 ;
; Auto RAM Replacement                                             ; On                 ; On                 ;
; Auto DSP Block Replacement                                       ; On                 ; On                 ;
; Auto Shift Register Replacement                                  ; Auto               ; Auto               ;
; Allow Shift Register Merging across Hierarchies                  ; Auto               ; Auto               ;
; Auto Clock Enable Replacement                                    ; On                 ; On                 ;
; Strict RAM Replacement                                           ; Off                ; Off                ;
; Allow Synchronous Control Signals                                ; On                 ; On                 ;
; Force Use of Synchronous Clear Signals                           ; Off                ; Off                ;
; Auto RAM Block Balancing                                         ; On                 ; On                 ;
; Auto RAM to Logic Cell Conversion                                ; Off                ; Off                ;
; Auto Resource Sharing                                            ; Off                ; Off                ;
; Allow Any RAM Size For Recognition                               ; Off                ; Off                ;
; Allow Any ROM Size For Recognition                               ; Off                ; Off                ;
; Allow Any Shift Register Size For Recognition                    ; Off                ; Off                ;
; Use LogicLock Constraints during Resource Balancing              ; On                 ; On                 ;
; Ignore translate_off and synthesis_off directives                ; Off                ; Off                ;
; Timing-Driven Synthesis                                          ; On                 ; On                 ;
; Report Parameter Settings                                        ; On                 ; On                 ;
; Report Source Assignments                                        ; On                 ; On                 ;
; Report Connectivity Checks                                       ; On                 ; On                 ;
; Ignore Maximum Fan-Out Assignments                               ; Off                ; Off                ;
; Synchronization Register Chain Length                            ; 2                  ; 2                  ;
; Power Optimization During Synthesis                              ; Normal compilation ; Normal compilation ;
; HDL message level                                                ; Level2             ; Level2             ;
; Suppress Register Optimization Related Messages                  ; Off                ; Off                ;
; Number of Removed Registers Reported in Synthesis Report         ; 5000               ; 5000               ;
; Number of Swept Nodes Reported in Synthesis Report               ; 5000               ; 5000               ;
; Number of Inverted Registers Reported in Synthesis Report        ; 100                ; 100                ;
; Clock MUX Protection                                             ; On                 ; On                 ;
; Auto Gated Clock Conversion                                      ; Off                ; Off                ;
; Block Design Naming                                              ; Auto               ; Auto               ;
; SDC constraint protection                                        ; Off                ; Off                ;
; Synthesis Effort                                                 ; Auto               ; Auto               ;
; Shift Register Replacement - Allow Asynchronous Clear Signal     ; On                 ; On                 ;
; Pre-Mapping Resynthesis Optimization                             ; Off                ; Off                ;
; Analysis & Synthesis Message Level                               ; Medium             ; Medium             ;
; Disable Register Merging Across Hierarchies                      ; Auto               ; Auto               ;
; Resource Aware Inference For Block RAM                           ; On                 ; On                 ;
+------------------------------------------------------------------+--------------------+--------------------+


+------------------------------------------+
; Parallel Compilation                     ;
+----------------------------+-------------+
; Processors                 ; Number      ;
+----------------------------+-------------+
; Number detected on machine ; 8           ;
; Maximum allowed            ; 4           ;
;                            ;             ;
; Average used               ; 1.00        ;
; Maximum used               ; 1           ;
;                            ;             ;
; Usage by Processor         ; % Time Used ;
;     Processor 1            ; 100.0%      ;
+----------------------------+-------------+


+-------------------------------+
; Analysis & Synthesis Messages ;
+-------------------------------+
Info: *******************************************************************
Info: Running Quartus Prime Analysis & Synthesis
    Info: Version 20.1.1 Build 720 11/11/2020 SJ Lite Edition
    Info: Processing started: Tue Nov 29 19:21:36 2022
Info: Command: quartus_map --read_settings_files=on --write_settings_files=off 224_Iterations -c Main
Warning (18236): Number of processors has not been specified which may cause overloading on shared machines.  Set the global assignment NUM_PARALLEL_PROCESSORS in your QSF to an appropriate value for best performance.
Info (20030): Parallel compilation is enabled and will use 4 of the 4 processors detected
Info (12021): Found 2 design units, including 1 entities, in source file lu.vhdl
    Info (12022): Found design unit 1: lu-lu_bhv File: E:/214/Project/Original/Digital-Circuits-Project/LU.vhdl Line: 13
    Info (12023): Found entity 1: lu File: E:/214/Project/Original/Digital-Circuits-Project/LU.vhdl Line: 4
Info (12021): Found 2 design units, including 1 entities, in source file fsm.vhdl
    Info (12022): Found design unit 1: FSM-bhv File: E:/214/Project/Original/Digital-Circuits-Project/FSM.vhdl Line: 9
    Info (12023): Found entity 1: FSM File: E:/214/Project/Original/Digital-Circuits-Project/FSM.vhdl Line: 5
Info (12021): Found 2 design units, including 1 entities, in source file rf_da_in_mux.vhdl
    Info (12022): Found design unit 1: RF_DA_IN_MUX-arch File: E:/214/Project/Original/Digital-Circuits-Project/RF_DA_IN_MUX.vhdl Line: 20
    Info (12023): Found entity 1: RF_DA_IN_MUX File: E:/214/Project/Original/Digital-Circuits-Project/RF_DA_IN_MUX.vhdl Line: 4
Info (12021): Found 2 design units, including 1 entities, in source file rf_ad_out1_mux.vhdl
    Info (12022): Found design unit 1: RF_AD_OUT1_MUX-arch File: E:/214/Project/Original/Digital-Circuits-Project/RF_AD_OUT1_MUX.vhdl Line: 19
    Info (12023): Found entity 1: RF_AD_OUT1_MUX File: E:/214/Project/Original/Digital-Circuits-Project/RF_AD_OUT1_MUX.vhdl Line: 4
Info (12021): Found 2 design units, including 1 entities, in source file rf_ad_in_mux.vhdl
    Info (12022): Found design unit 1: RF_AD_IN_MUX-arch File: E:/214/Project/Original/Digital-Circuits-Project/RF_AD_IN_MUX.vhdl Line: 20
    Info (12023): Found entity 1: RF_AD_IN_MUX File: E:/214/Project/Original/Digital-Circuits-Project/RF_AD_IN_MUX.vhdl Line: 4
Info (12021): Found 2 design units, including 1 entities, in source file rf.vhdl
    Info (12022): Found design unit 1: RF-arch File: E:/214/Project/Original/Digital-Circuits-Project/RF.vhdl Line: 22
    Info (12023): Found entity 1: RF File: E:/214/Project/Original/Digital-Circuits-Project/RF.vhdl Line: 4
Info (12021): Found 2 design units, including 1 entities, in source file register.vhdl
    Info (12022): Found design unit 1: reg-reg_bhv File: E:/214/Project/Original/Digital-Circuits-Project/register.vhdl Line: 13
    Info (12023): Found entity 1: reg File: E:/214/Project/Original/Digital-Circuits-Project/register.vhdl Line: 4
Info (12021): Found 2 design units, including 1 entities, in source file mem.vhdl
    Info (12022): Found design unit 1: mem_blk-mem_blk_bhv File: E:/214/Project/Original/Digital-Circuits-Project/mem.vhdl Line: 15
    Info (12023): Found entity 1: mem_blk File: E:/214/Project/Original/Digital-Circuits-Project/mem.vhdl Line: 4
Info (12021): Found 2 design units, including 1 entities, in source file ir.vhdl
    Info (12022): Found design unit 1: IR-IR_bhv File: E:/214/Project/Original/Digital-Circuits-Project/IR.vhdl Line: 17
    Info (12023): Found entity 1: IR File: E:/214/Project/Original/Digital-Circuits-Project/IR.vhdl Line: 4
Info (12021): Found 2 design units, including 1 entities, in source file alu.vhdl
    Info (12022): Found design unit 1: ALU-a1 File: E:/214/Project/Original/Digital-Circuits-Project/ALU.vhdl Line: 17
    Info (12023): Found entity 1: ALU File: E:/214/Project/Original/Digital-Circuits-Project/ALU.vhdl Line: 4
Info (12021): Found 2 design units, including 1 entities, in source file t2_mux.vhd
    Info (12022): Found design unit 1: T2_MUX-arch File: E:/214/Project/Original/Digital-Circuits-Project/T2_MUX.vhd Line: 19
    Info (12023): Found entity 1: T2_MUX File: E:/214/Project/Original/Digital-Circuits-Project/T2_MUX.vhd Line: 4
Info (12021): Found 2 design units, including 1 entities, in source file t1_mux.vhd
    Info (12022): Found design unit 1: T1_MUX-arch File: E:/214/Project/Original/Digital-Circuits-Project/T1_MUX.vhd Line: 20
    Info (12023): Found entity 1: T1_MUX File: E:/214/Project/Original/Digital-Circuits-Project/T1_MUX.vhd Line: 4
Info (12021): Found 2 design units, including 1 entities, in source file mem_data_mux.vhd
    Info (12022): Found design unit 1: MEM_DATA_MUX-arch File: E:/214/Project/Original/Digital-Circuits-Project/MEM_DATA_MUX.vhd Line: 19
    Info (12023): Found entity 1: MEM_DATA_MUX File: E:/214/Project/Original/Digital-Circuits-Project/MEM_DATA_MUX.vhd Line: 4
Info (12021): Found 2 design units, including 1 entities, in source file mem_add_mux.vhd
    Info (12022): Found design unit 1: MEM_ADD_MUX-arch File: E:/214/Project/Original/Digital-Circuits-Project/MEM_ADD_MUX.vhd Line: 20
    Info (12023): Found entity 1: MEM_ADD_MUX File: E:/214/Project/Original/Digital-Circuits-Project/MEM_ADD_MUX.vhd Line: 4
Info (12021): Found 2 design units, including 1 entities, in source file ir_mux.vhd
    Info (12022): Found design unit 1: IR_MUX-arch File: E:/214/Project/Original/Digital-Circuits-Project/IR_MUX.vhd Line: 19
    Info (12023): Found entity 1: IR_MUX File: E:/214/Project/Original/Digital-Circuits-Project/IR_MUX.vhd Line: 4
Info (12021): Found 2 design units, including 1 entities, in source file alub_mux.vhd
    Info (12022): Found design unit 1: ALUB_MUX-arch File: E:/214/Project/Original/Digital-Circuits-Project/ALUB_MUX.vhd Line: 19
    Info (12023): Found entity 1: ALUB_MUX File: E:/214/Project/Original/Digital-Circuits-Project/ALUB_MUX.vhd Line: 4
Info (12021): Found 2 design units, including 1 entities, in source file alua_mux.vhd
    Info (12022): Found design unit 1: ALUA_MUX-arch File: E:/214/Project/Original/Digital-Circuits-Project/ALUA_MUX.vhd Line: 19
    Info (12023): Found entity 1: ALUA_MUX File: E:/214/Project/Original/Digital-Circuits-Project/ALUA_MUX.vhd Line: 4
Info (12021): Found 4 design units, including 2 entities, in source file signextend.vhdl
    Info (12022): Found design unit 1: se6-se6_bhv File: E:/214/Project/Original/Digital-Circuits-Project/signextend.vhdl Line: 8
    Info (12022): Found design unit 2: se9-se9_bhv File: E:/214/Project/Original/Digital-Circuits-Project/signextend.vhdl Line: 35
    Info (12023): Found entity 1: se6 File: E:/214/Project/Original/Digital-Circuits-Project/signextend.vhdl Line: 4
    Info (12023): Found entity 2: se9 File: E:/214/Project/Original/Digital-Circuits-Project/signextend.vhdl Line: 31
Info (12021): Found 2 design units, including 1 entities, in source file priorityencoder.vhdl
    Info (12022): Found design unit 1: PEN-PEN_bhv File: E:/214/Project/Original/Digital-Circuits-Project/priorityencoder.vhdl Line: 8
    Info (12023): Found entity 1: PEN File: E:/214/Project/Original/Digital-Circuits-Project/priorityencoder.vhdl Line: 4
Info (12127): Elaborating entity "fsm" for the top level hierarchy
Warning (10036): Verilog HDL or VHDL warning at FSM.vhdl(218): object "C" assigned a value but never read File: E:/214/Project/Original/Digital-Circuits-Project/FSM.vhdl Line: 218
Warning (10541): VHDL Signal Declaration warning at FSM.vhdl(218): used implicit default value for signal "RF_WR" because signal was never assigned a value or an explicit default value. Use of implicit default value may introduce unintended design optimizations. File: E:/214/Project/Original/Digital-Circuits-Project/FSM.vhdl Line: 218
Warning (10541): VHDL Signal Declaration warning at FSM.vhdl(218): used implicit default value for signal "IR_EN" because signal was never assigned a value or an explicit default value. Use of implicit default value may introduce unintended design optimizations. File: E:/214/Project/Original/Digital-Circuits-Project/FSM.vhdl Line: 218
Warning (10541): VHDL Signal Declaration warning at FSM.vhdl(218): used implicit default value for signal "MEM_WR" because signal was never assigned a value or an explicit default value. Use of implicit default value may introduce unintended design optimizations. File: E:/214/Project/Original/Digital-Circuits-Project/FSM.vhdl Line: 218
Warning (10541): VHDL Signal Declaration warning at FSM.vhdl(218): used implicit default value for signal "RF_reset" because signal was never assigned a value or an explicit default value. Use of implicit default value may introduce unintended design optimizations. File: E:/214/Project/Original/Digital-Circuits-Project/FSM.vhdl Line: 218
Warning (10541): VHDL Signal Declaration warning at FSM.vhdl(219): used implicit default value for signal "alu_control" because signal was never assigned a value or an explicit default value. Use of implicit default value may introduce unintended design optimizations. File: E:/214/Project/Original/Digital-Circuits-Project/FSM.vhdl Line: 219
Warning (10541): VHDL Signal Declaration warning at FSM.vhdl(220): used implicit default value for signal "PEN_O" because signal was never assigned a value or an explicit default value. Use of implicit default value may introduce unintended design optimizations. File: E:/214/Project/Original/Digital-Circuits-Project/FSM.vhdl Line: 220
Warning (10541): VHDL Signal Declaration warning at FSM.vhdl(221): used implicit default value for signal "SE16_6" because signal was never assigned a value or an explicit default value. Use of implicit default value may introduce unintended design optimizations. File: E:/214/Project/Original/Digital-Circuits-Project/FSM.vhdl Line: 221
Warning (10541): VHDL Signal Declaration warning at FSM.vhdl(221): used implicit default value for signal "SE16_9" because signal was never assigned a value or an explicit default value. Use of implicit default value may introduce unintended design optimizations. File: E:/214/Project/Original/Digital-Circuits-Project/FSM.vhdl Line: 221
Warning (10541): VHDL Signal Declaration warning at FSM.vhdl(221): used implicit default value for signal "LU_OUT" because signal was never assigned a value or an explicit default value. Use of implicit default value may introduce unintended design optimizations. File: E:/214/Project/Original/Digital-Circuits-Project/FSM.vhdl Line: 221
Warning (10541): VHDL Signal Declaration warning at FSM.vhdl(222): used implicit default value for signal "PLUS1" because signal was never assigned a value or an explicit default value. Use of implicit default value may introduce unintended design optimizations. File: E:/214/Project/Original/Digital-Circuits-Project/FSM.vhdl Line: 222
Warning (10036): Verilog HDL or VHDL warning at FSM.vhdl(223): object "IR_50" assigned a value but never read File: E:/214/Project/Original/Digital-Circuits-Project/FSM.vhdl Line: 223
Warning (10036): Verilog HDL or VHDL warning at FSM.vhdl(224): object "IR_70" assigned a value but never read File: E:/214/Project/Original/Digital-Circuits-Project/FSM.vhdl Line: 224
Warning (10036): Verilog HDL or VHDL warning at FSM.vhdl(225): object "IR_80" assigned a value but never read File: E:/214/Project/Original/Digital-Circuits-Project/FSM.vhdl Line: 225
Warning (10492): VHDL Process Statement warning at FSM.vhdl(358): signal "Z" is read inside the Process Statement but isn't in the Process Statement's sensitivity list File: E:/214/Project/Original/Digital-Circuits-Project/FSM.vhdl Line: 358
Warning (10492): VHDL Process Statement warning at FSM.vhdl(418): signal "Z" is read inside the Process Statement but isn't in the Process Statement's sensitivity list File: E:/214/Project/Original/Digital-Circuits-Project/FSM.vhdl Line: 418
Warning (10492): VHDL Process Statement warning at FSM.vhdl(449): signal "Z" is read inside the Process Statement but isn't in the Process Statement's sensitivity list File: E:/214/Project/Original/Digital-Circuits-Project/FSM.vhdl Line: 449
Warning (10631): VHDL Process Statement warning at FSM.vhdl(260): inferring latch(es) for signal or variable "S_RF_AD_OUT1", which holds its previous value in one or more paths through the process File: E:/214/Project/Original/Digital-Circuits-Project/FSM.vhdl Line: 260
Warning (10631): VHDL Process Statement warning at FSM.vhdl(260): inferring latch(es) for signal or variable "S_IR", which holds its previous value in one or more paths through the process File: E:/214/Project/Original/Digital-Circuits-Project/FSM.vhdl Line: 260
Warning (10631): VHDL Process Statement warning at FSM.vhdl(260): inferring latch(es) for signal or variable "S_RF_AD_IN", which holds its previous value in one or more paths through the process File: E:/214/Project/Original/Digital-Circuits-Project/FSM.vhdl Line: 260
Warning (10631): VHDL Process Statement warning at FSM.vhdl(260): inferring latch(es) for signal or variable "S_RF_DA_IN", which holds its previous value in one or more paths through the process File: E:/214/Project/Original/Digital-Circuits-Project/FSM.vhdl Line: 260
Warning (10631): VHDL Process Statement warning at FSM.vhdl(260): inferring latch(es) for signal or variable "S_MEM_ADD", which holds its previous value in one or more paths through the process File: E:/214/Project/Original/Digital-Circuits-Project/FSM.vhdl Line: 260
Warning (10631): VHDL Process Statement warning at FSM.vhdl(260): inferring latch(es) for signal or variable "S_T1", which holds its previous value in one or more paths through the process File: E:/214/Project/Original/Digital-Circuits-Project/FSM.vhdl Line: 260
Warning (10631): VHDL Process Statement warning at FSM.vhdl(260): inferring latch(es) for signal or variable "S_T2", which holds its previous value in one or more paths through the process File: E:/214/Project/Original/Digital-Circuits-Project/FSM.vhdl Line: 260
Warning (10631): VHDL Process Statement warning at FSM.vhdl(260): inferring latch(es) for signal or variable "S_ALU_A", which holds its previous value in one or more paths through the process File: E:/214/Project/Original/Digital-Circuits-Project/FSM.vhdl Line: 260
Warning (10631): VHDL Process Statement warning at FSM.vhdl(260): inferring latch(es) for signal or variable "S_ALU_B", which holds its previous value in one or more paths through the process File: E:/214/Project/Original/Digital-Circuits-Project/FSM.vhdl Line: 260
Warning (10631): VHDL Process Statement warning at FSM.vhdl(260): inferring latch(es) for signal or variable "S_MEM_DATA", which holds its previous value in one or more paths through the process File: E:/214/Project/Original/Digital-Circuits-Project/FSM.vhdl Line: 260
Info (10041): Inferred latch for "S_MEM_DATA" at FSM.vhdl(260) File: E:/214/Project/Original/Digital-Circuits-Project/FSM.vhdl Line: 260
Info (10041): Inferred latch for "S_ALU_B[0]" at FSM.vhdl(260) File: E:/214/Project/Original/Digital-Circuits-Project/FSM.vhdl Line: 260
Info (10041): Inferred latch for "S_ALU_B[1]" at FSM.vhdl(260) File: E:/214/Project/Original/Digital-Circuits-Project/FSM.vhdl Line: 260
Info (10041): Inferred latch for "S_ALU_A" at FSM.vhdl(260) File: E:/214/Project/Original/Digital-Circuits-Project/FSM.vhdl Line: 260
Info (10041): Inferred latch for "S_T2" at FSM.vhdl(260) File: E:/214/Project/Original/Digital-Circuits-Project/FSM.vhdl Line: 260
Info (10041): Inferred latch for "S_T1[0]" at FSM.vhdl(260) File: E:/214/Project/Original/Digital-Circuits-Project/FSM.vhdl Line: 260
Info (10041): Inferred latch for "S_T1[1]" at FSM.vhdl(260) File: E:/214/Project/Original/Digital-Circuits-Project/FSM.vhdl Line: 260
Info (10041): Inferred latch for "S_MEM_ADD[0]" at FSM.vhdl(260) File: E:/214/Project/Original/Digital-Circuits-Project/FSM.vhdl Line: 260
Info (10041): Inferred latch for "S_MEM_ADD[1]" at FSM.vhdl(260) File: E:/214/Project/Original/Digital-Circuits-Project/FSM.vhdl Line: 260
Info (10041): Inferred latch for "S_RF_DA_IN[0]" at FSM.vhdl(260) File: E:/214/Project/Original/Digital-Circuits-Project/FSM.vhdl Line: 260
Info (10041): Inferred latch for "S_RF_DA_IN[1]" at FSM.vhdl(260) File: E:/214/Project/Original/Digital-Circuits-Project/FSM.vhdl Line: 260
Info (10041): Inferred latch for "S_RF_AD_IN[0]" at FSM.vhdl(260) File: E:/214/Project/Original/Digital-Circuits-Project/FSM.vhdl Line: 260
Info (10041): Inferred latch for "S_RF_AD_IN[1]" at FSM.vhdl(260) File: E:/214/Project/Original/Digital-Circuits-Project/FSM.vhdl Line: 260
Info (10041): Inferred latch for "S_RF_AD_IN[2]" at FSM.vhdl(260) File: E:/214/Project/Original/Digital-Circuits-Project/FSM.vhdl Line: 260
Info (10041): Inferred latch for "S_IR" at FSM.vhdl(260) File: E:/214/Project/Original/Digital-Circuits-Project/FSM.vhdl Line: 260
Info (10041): Inferred latch for "S_RF_AD_OUT1[0]" at FSM.vhdl(260) File: E:/214/Project/Original/Digital-Circuits-Project/FSM.vhdl Line: 260
Info (10041): Inferred latch for "S_RF_AD_OUT1[1]" at FSM.vhdl(260) File: E:/214/Project/Original/Digital-Circuits-Project/FSM.vhdl Line: 260
Info (12128): Elaborating entity "ALUA_MUX" for hierarchy "ALUA_MUX:ALU_A" File: E:/214/Project/Original/Digital-Circuits-Project/FSM.vhdl Line: 230
Info (12128): Elaborating entity "ALUB_MUX" for hierarchy "ALUB_MUX:ALU_B" File: E:/214/Project/Original/Digital-Circuits-Project/FSM.vhdl Line: 231
Info (12128): Elaborating entity "ALU" for hierarchy "ALU:ALU_P" File: E:/214/Project/Original/Digital-Circuits-Project/FSM.vhdl Line: 232
Warning (10492): VHDL Process Statement warning at ALU.vhdl(27): signal "C_init" is read inside the Process Statement but isn't in the Process Statement's sensitivity list File: E:/214/Project/Original/Digital-Circuits-Project/ALU.vhdl Line: 27
Warning (10492): VHDL Process Statement warning at ALU.vhdl(28): signal "C_init" is read inside the Process Statement but isn't in the Process Statement's sensitivity list File: E:/214/Project/Original/Digital-Circuits-Project/ALU.vhdl Line: 28
Warning (10492): VHDL Process Statement warning at ALU.vhdl(42): signal "op1" is read inside the Process Statement but isn't in the Process Statement's sensitivity list File: E:/214/Project/Original/Digital-Circuits-Project/ALU.vhdl Line: 42
Warning (10492): VHDL Process Statement warning at ALU.vhdl(43): signal "C_init" is read inside the Process Statement but isn't in the Process Statement's sensitivity list File: E:/214/Project/Original/Digital-Circuits-Project/ALU.vhdl Line: 43
Warning (10492): VHDL Process Statement warning at ALU.vhdl(44): signal "op1" is read inside the Process Statement but isn't in the Process Statement's sensitivity list File: E:/214/Project/Original/Digital-Circuits-Project/ALU.vhdl Line: 44
Warning (10492): VHDL Process Statement warning at ALU.vhdl(46): signal "x" is read inside the Process Statement but isn't in the Process Statement's sensitivity list File: E:/214/Project/Original/Digital-Circuits-Project/ALU.vhdl Line: 46
Warning (10492): VHDL Process Statement warning at ALU.vhdl(46): signal "op1" is read inside the Process Statement but isn't in the Process Statement's sensitivity list File: E:/214/Project/Original/Digital-Circuits-Project/ALU.vhdl Line: 46
Warning (10492): VHDL Process Statement warning at ALU.vhdl(49): signal "x" is read inside the Process Statement but isn't in the Process Statement's sensitivity list File: E:/214/Project/Original/Digital-Circuits-Project/ALU.vhdl Line: 49
Warning (10631): VHDL Process Statement warning at ALU.vhdl(22): inferring latch(es) for signal or variable "C_init", which holds its previous value in one or more paths through the process File: E:/214/Project/Original/Digital-Circuits-Project/ALU.vhdl Line: 22
Warning (10631): VHDL Process Statement warning at ALU.vhdl(22): inferring latch(es) for signal or variable "op1", which holds its previous value in one or more paths through the process File: E:/214/Project/Original/Digital-Circuits-Project/ALU.vhdl Line: 22
Info (10041): Inferred latch for "op1[0]" at ALU.vhdl(22) File: E:/214/Project/Original/Digital-Circuits-Project/ALU.vhdl Line: 22
Info (10041): Inferred latch for "op1[1]" at ALU.vhdl(22) File: E:/214/Project/Original/Digital-Circuits-Project/ALU.vhdl Line: 22
Info (10041): Inferred latch for "op1[2]" at ALU.vhdl(22) File: E:/214/Project/Original/Digital-Circuits-Project/ALU.vhdl Line: 22
Info (10041): Inferred latch for "op1[3]" at ALU.vhdl(22) File: E:/214/Project/Original/Digital-Circuits-Project/ALU.vhdl Line: 22
Info (10041): Inferred latch for "op1[4]" at ALU.vhdl(22) File: E:/214/Project/Original/Digital-Circuits-Project/ALU.vhdl Line: 22
Info (10041): Inferred latch for "op1[5]" at ALU.vhdl(22) File: E:/214/Project/Original/Digital-Circuits-Project/ALU.vhdl Line: 22
Info (10041): Inferred latch for "op1[6]" at ALU.vhdl(22) File: E:/214/Project/Original/Digital-Circuits-Project/ALU.vhdl Line: 22
Info (10041): Inferred latch for "op1[7]" at ALU.vhdl(22) File: E:/214/Project/Original/Digital-Circuits-Project/ALU.vhdl Line: 22
Info (10041): Inferred latch for "op1[8]" at ALU.vhdl(22) File: E:/214/Project/Original/Digital-Circuits-Project/ALU.vhdl Line: 22
Info (10041): Inferred latch for "op1[9]" at ALU.vhdl(22) File: E:/214/Project/Original/Digital-Circuits-Project/ALU.vhdl Line: 22
Info (10041): Inferred latch for "op1[10]" at ALU.vhdl(22) File: E:/214/Project/Original/Digital-Circuits-Project/ALU.vhdl Line: 22
Info (10041): Inferred latch for "op1[11]" at ALU.vhdl(22) File: E:/214/Project/Original/Digital-Circuits-Project/ALU.vhdl Line: 22
Info (10041): Inferred latch for "op1[12]" at ALU.vhdl(22) File: E:/214/Project/Original/Digital-Circuits-Project/ALU.vhdl Line: 22
Info (10041): Inferred latch for "op1[13]" at ALU.vhdl(22) File: E:/214/Project/Original/Digital-Circuits-Project/ALU.vhdl Line: 22
Info (10041): Inferred latch for "op1[14]" at ALU.vhdl(22) File: E:/214/Project/Original/Digital-Circuits-Project/ALU.vhdl Line: 22
Info (10041): Inferred latch for "op1[15]" at ALU.vhdl(22) File: E:/214/Project/Original/Digital-Circuits-Project/ALU.vhdl Line: 22
Info (10041): Inferred latch for "C_init" at ALU.vhdl(22) File: E:/214/Project/Original/Digital-Circuits-Project/ALU.vhdl Line: 22
Info (12128): Elaborating entity "IR_MUX" for hierarchy "IR_MUX:IR_M" File: E:/214/Project/Original/Digital-Circuits-Project/FSM.vhdl Line: 233
Info (12128): Elaborating entity "IR" for hierarchy "IR:IR_D" File: E:/214/Project/Original/Digital-Circuits-Project/FSM.vhdl Line: 234
Info (12128): Elaborating entity "RF" for hierarchy "RF:RF1" File: E:/214/Project/Original/Digital-Circuits-Project/FSM.vhdl Line: 235
Warning (10492): VHDL Process Statement warning at RF.vhdl(85): signal "R0" is read inside the Process Statement but isn't in the Process Statement's sensitivity list File: E:/214/Project/Original/Digital-Circuits-Project/RF.vhdl Line: 85
Warning (10492): VHDL Process Statement warning at RF.vhdl(88): signal "R1" is read inside the Process Statement but isn't in the Process Statement's sensitivity list File: E:/214/Project/Original/Digital-Circuits-Project/RF.vhdl Line: 88
Warning (10492): VHDL Process Statement warning at RF.vhdl(91): signal "R2" is read inside the Process Statement but isn't in the Process Statement's sensitivity list File: E:/214/Project/Original/Digital-Circuits-Project/RF.vhdl Line: 91
Warning (10492): VHDL Process Statement warning at RF.vhdl(94): signal "R3" is read inside the Process Statement but isn't in the Process Statement's sensitivity list File: E:/214/Project/Original/Digital-Circuits-Project/RF.vhdl Line: 94
Warning (10492): VHDL Process Statement warning at RF.vhdl(97): signal "R4" is read inside the Process Statement but isn't in the Process Statement's sensitivity list File: E:/214/Project/Original/Digital-Circuits-Project/RF.vhdl Line: 97
Warning (10492): VHDL Process Statement warning at RF.vhdl(100): signal "R5" is read inside the Process Statement but isn't in the Process Statement's sensitivity list File: E:/214/Project/Original/Digital-Circuits-Project/RF.vhdl Line: 100
Warning (10492): VHDL Process Statement warning at RF.vhdl(103): signal "R6" is read inside the Process Statement but isn't in the Process Statement's sensitivity list File: E:/214/Project/Original/Digital-Circuits-Project/RF.vhdl Line: 103
Warning (10492): VHDL Process Statement warning at RF.vhdl(106): signal "R7" is read inside the Process Statement but isn't in the Process Statement's sensitivity list File: E:/214/Project/Original/Digital-Circuits-Project/RF.vhdl Line: 106
Warning (10492): VHDL Process Statement warning at RF.vhdl(110): signal "R0" is read inside the Process Statement but isn't in the Process Statement's sensitivity list File: E:/214/Project/Original/Digital-Circuits-Project/RF.vhdl Line: 110
Warning (10492): VHDL Process Statement warning at RF.vhdl(113): signal "R1" is read inside the Process Statement but isn't in the Process Statement's sensitivity list File: E:/214/Project/Original/Digital-Circuits-Project/RF.vhdl Line: 113
Warning (10492): VHDL Process Statement warning at RF.vhdl(116): signal "R2" is read inside the Process Statement but isn't in the Process Statement's sensitivity list File: E:/214/Project/Original/Digital-Circuits-Project/RF.vhdl Line: 116
Warning (10492): VHDL Process Statement warning at RF.vhdl(119): signal "R3" is read inside the Process Statement but isn't in the Process Statement's sensitivity list File: E:/214/Project/Original/Digital-Circuits-Project/RF.vhdl Line: 119
Warning (10492): VHDL Process Statement warning at RF.vhdl(122): signal "R4" is read inside the Process Statement but isn't in the Process Statement's sensitivity list File: E:/214/Project/Original/Digital-Circuits-Project/RF.vhdl Line: 122
Warning (10492): VHDL Process Statement warning at RF.vhdl(125): signal "R5" is read inside the Process Statement but isn't in the Process Statement's sensitivity list File: E:/214/Project/Original/Digital-Circuits-Project/RF.vhdl Line: 125
Warning (10492): VHDL Process Statement warning at RF.vhdl(128): signal "R6" is read inside the Process Statement but isn't in the Process Statement's sensitivity list File: E:/214/Project/Original/Digital-Circuits-Project/RF.vhdl Line: 128
Warning (10492): VHDL Process Statement warning at RF.vhdl(131): signal "R7" is read inside the Process Statement but isn't in the Process Statement's sensitivity list File: E:/214/Project/Original/Digital-Circuits-Project/RF.vhdl Line: 131
Warning (10631): VHDL Process Statement warning at RF.vhdl(82): inferring latch(es) for signal or variable "RF_DA_temp1", which holds its previous value in one or more paths through the process File: E:/214/Project/Original/Digital-Circuits-Project/RF.vhdl Line: 82
Warning (10631): VHDL Process Statement warning at RF.vhdl(82): inferring latch(es) for signal or variable "RF_DA_temp2", which holds its previous value in one or more paths through the process File: E:/214/Project/Original/Digital-Circuits-Project/RF.vhdl Line: 82
Info (10041): Inferred latch for "RF_DA_temp2[0]" at RF.vhdl(82) File: E:/214/Project/Original/Digital-Circuits-Project/RF.vhdl Line: 82
Info (10041): Inferred latch for "RF_DA_temp2[1]" at RF.vhdl(82) File: E:/214/Project/Original/Digital-Circuits-Project/RF.vhdl Line: 82
Info (10041): Inferred latch for "RF_DA_temp2[2]" at RF.vhdl(82) File: E:/214/Project/Original/Digital-Circuits-Project/RF.vhdl Line: 82
Info (10041): Inferred latch for "RF_DA_temp2[3]" at RF.vhdl(82) File: E:/214/Project/Original/Digital-Circuits-Project/RF.vhdl Line: 82
Info (10041): Inferred latch for "RF_DA_temp2[4]" at RF.vhdl(82) File: E:/214/Project/Original/Digital-Circuits-Project/RF.vhdl Line: 82
Info (10041): Inferred latch for "RF_DA_temp2[5]" at RF.vhdl(82) File: E:/214/Project/Original/Digital-Circuits-Project/RF.vhdl Line: 82
Info (10041): Inferred latch for "RF_DA_temp2[6]" at RF.vhdl(82) File: E:/214/Project/Original/Digital-Circuits-Project/RF.vhdl Line: 82
Info (10041): Inferred latch for "RF_DA_temp2[7]" at RF.vhdl(82) File: E:/214/Project/Original/Digital-Circuits-Project/RF.vhdl Line: 82
Info (10041): Inferred latch for "RF_DA_temp2[8]" at RF.vhdl(82) File: E:/214/Project/Original/Digital-Circuits-Project/RF.vhdl Line: 82
Info (10041): Inferred latch for "RF_DA_temp2[9]" at RF.vhdl(82) File: E:/214/Project/Original/Digital-Circuits-Project/RF.vhdl Line: 82
Info (10041): Inferred latch for "RF_DA_temp2[10]" at RF.vhdl(82) File: E:/214/Project/Original/Digital-Circuits-Project/RF.vhdl Line: 82
Info (10041): Inferred latch for "RF_DA_temp2[11]" at RF.vhdl(82) File: E:/214/Project/Original/Digital-Circuits-Project/RF.vhdl Line: 82
Info (10041): Inferred latch for "RF_DA_temp2[12]" at RF.vhdl(82) File: E:/214/Project/Original/Digital-Circuits-Project/RF.vhdl Line: 82
Info (10041): Inferred latch for "RF_DA_temp2[13]" at RF.vhdl(82) File: E:/214/Project/Original/Digital-Circuits-Project/RF.vhdl Line: 82
Info (10041): Inferred latch for "RF_DA_temp2[14]" at RF.vhdl(82) File: E:/214/Project/Original/Digital-Circuits-Project/RF.vhdl Line: 82
Info (10041): Inferred latch for "RF_DA_temp2[15]" at RF.vhdl(82) File: E:/214/Project/Original/Digital-Circuits-Project/RF.vhdl Line: 82
Info (10041): Inferred latch for "RF_DA_temp1[0]" at RF.vhdl(82) File: E:/214/Project/Original/Digital-Circuits-Project/RF.vhdl Line: 82
Info (10041): Inferred latch for "RF_DA_temp1[1]" at RF.vhdl(82) File: E:/214/Project/Original/Digital-Circuits-Project/RF.vhdl Line: 82
Info (10041): Inferred latch for "RF_DA_temp1[2]" at RF.vhdl(82) File: E:/214/Project/Original/Digital-Circuits-Project/RF.vhdl Line: 82
Info (10041): Inferred latch for "RF_DA_temp1[3]" at RF.vhdl(82) File: E:/214/Project/Original/Digital-Circuits-Project/RF.vhdl Line: 82
Info (10041): Inferred latch for "RF_DA_temp1[4]" at RF.vhdl(82) File: E:/214/Project/Original/Digital-Circuits-Project/RF.vhdl Line: 82
Info (10041): Inferred latch for "RF_DA_temp1[5]" at RF.vhdl(82) File: E:/214/Project/Original/Digital-Circuits-Project/RF.vhdl Line: 82
Info (10041): Inferred latch for "RF_DA_temp1[6]" at RF.vhdl(82) File: E:/214/Project/Original/Digital-Circuits-Project/RF.vhdl Line: 82
Info (10041): Inferred latch for "RF_DA_temp1[7]" at RF.vhdl(82) File: E:/214/Project/Original/Digital-Circuits-Project/RF.vhdl Line: 82
Info (10041): Inferred latch for "RF_DA_temp1[8]" at RF.vhdl(82) File: E:/214/Project/Original/Digital-Circuits-Project/RF.vhdl Line: 82
Info (10041): Inferred latch for "RF_DA_temp1[9]" at RF.vhdl(82) File: E:/214/Project/Original/Digital-Circuits-Project/RF.vhdl Line: 82
Info (10041): Inferred latch for "RF_DA_temp1[10]" at RF.vhdl(82) File: E:/214/Project/Original/Digital-Circuits-Project/RF.vhdl Line: 82
Info (10041): Inferred latch for "RF_DA_temp1[11]" at RF.vhdl(82) File: E:/214/Project/Original/Digital-Circuits-Project/RF.vhdl Line: 82
Info (10041): Inferred latch for "RF_DA_temp1[12]" at RF.vhdl(82) File: E:/214/Project/Original/Digital-Circuits-Project/RF.vhdl Line: 82
Info (10041): Inferred latch for "RF_DA_temp1[13]" at RF.vhdl(82) File: E:/214/Project/Original/Digital-Circuits-Project/RF.vhdl Line: 82
Info (10041): Inferred latch for "RF_DA_temp1[14]" at RF.vhdl(82) File: E:/214/Project/Original/Digital-Circuits-Project/RF.vhdl Line: 82
Info (10041): Inferred latch for "RF_DA_temp1[15]" at RF.vhdl(82) File: E:/214/Project/Original/Digital-Circuits-Project/RF.vhdl Line: 82
Info (12128): Elaborating entity "RF_AD_IN_MUX" for hierarchy "RF_AD_IN_MUX:RF_AD_IN_C" File: E:/214/Project/Original/Digital-Circuits-Project/FSM.vhdl Line: 236
Info (12128): Elaborating entity "RF_AD_OUT1_MUX" for hierarchy "RF_AD_OUT1_MUX:RF_OUT1" File: E:/214/Project/Original/Digital-Circuits-Project/FSM.vhdl Line: 237
Info (12128): Elaborating entity "RF_DA_IN_MUX" for hierarchy "RF_DA_IN_MUX:RF_DA_IN_C" File: E:/214/Project/Original/Digital-Circuits-Project/FSM.vhdl Line: 238
Info (12128): Elaborating entity "MEM_ADD_MUX" for hierarchy "MEM_ADD_MUX:MEM_AD" File: E:/214/Project/Original/Digital-Circuits-Project/FSM.vhdl Line: 239
Info (12128): Elaborating entity "MEM_DATA_MUX" for hierarchy "MEM_DATA_MUX:MEM_DA" File: E:/214/Project/Original/Digital-Circuits-Project/FSM.vhdl Line: 240
Info (12128): Elaborating entity "mem_blk" for hierarchy "mem_blk:MEM_BL" File: E:/214/Project/Original/Digital-Circuits-Project/FSM.vhdl Line: 241
Error (10344): VHDL expression error at mem.vhdl(39): expression has 65536 elements, but must have 16 elements File: E:/214/Project/Original/Digital-Circuits-Project/mem.vhdl Line: 39
Error (12152): Can't elaborate user hierarchy "mem_blk:MEM_BL" File: E:/214/Project/Original/Digital-Circuits-Project/FSM.vhdl Line: 241
Error: Quartus Prime Analysis & Synthesis was unsuccessful. 2 errors, 56 warnings
    Error: Peak virtual memory: 4833 megabytes
    Error: Processing ended: Tue Nov 29 19:21:48 2022
    Error: Elapsed time: 00:00:12
    Error: Total CPU time (on all processors): 00:00:11


